
> techtregu@1.0.0 dev
> concurrently "npm run dev --prefix client" "npm run dev --prefix server"

[0] 
[0] > techtregu@0.0.0 dev
[0] > vite
[0] 
[1] 
[1] > techtregu-server@1.0.0 dev
[1] > nodemon index.js
[1] 
[1] [33m[nodemon] 3.1.14[39m
[1] [33m[nodemon] to restart at any time, enter `rs`[39m
[1] [33m[nodemon] watching path(s): *.*[39m
[1] [33m[nodemon] watching extensions: js,mjs,cjs,json[39m
[1] [32m[nodemon] starting `node index.js`[39m
[0] 
[0]   VITE v8.0.8  ready in 239 ms
[0] 
[0]   ➜  Local:   http://localhost:5173/
[0]   ➜  Network: use --host to expose
[1] [ImageOptim] Sharp not available - using basic optimization only
[1] {"level":"info","msg":"database_ready","ts":"2026-04-27T01:55:32.410Z"}
[1] {"level":"info","msg":"server_listen","ts":"2026-04-27T01:55:32.411Z","port":"5000"}
[1] Server running on port 5000 (all interfaces)
[1] Shutting down gracefully...
[0] npm run dev --prefix client exited with code SIGTERM
[1] npm run dev --prefix server exited with code SIGTERM
